<?xml version="1.0" encoding="UTF-8"?>
<testng-results ignored="0" total="1" passed="1" failed="0" skipped="0">
  <reporter-output>
  </reporter-output>
  <suite started-at="2020-11-09T10:59:54 PST" name="Suite" finished-at="2020-11-09T11:00:04 PST" duration-ms="9177">
    <groups>
    </groups>
    <test started-at="2020-11-09T10:59:54 PST" name="Test" finished-at="2020-11-09T11:00:04 PST" duration-ms="9177">
      <class name="com.learnautomation.testcases.LoginFBTest">
        <test-method is-config="true" signature="setUpSuite()[pri:0, instance:com.learnautomation.testcases.LoginFBTest@7ee955a8]" started-at="2020-11-09T10:59:54 PST" name="setUpSuite" finished-at="2020-11-09T10:59:54 PST" duration-ms="697" status="PASS">
          <reporter-output>
          </reporter-output>
        </test-method> <!-- setUpSuite -->
        <test-method is-config="true" signature="setUp()[pri:0, instance:com.learnautomation.testcases.LoginFBTest@7ee955a8]" started-at="2020-11-09T10:59:54 PST" name="setUp" finished-at="2020-11-09T11:00:02 PST" duration-ms="7788" status="PASS">
          <reporter-output>
          </reporter-output>
        </test-method> <!-- setUp -->
        <test-method signature="loginApp()[pri:0, instance:com.learnautomation.testcases.LoginFBTest@7ee955a8]" started-at="2020-11-09T11:00:02 PST" name="loginApp" finished-at="2020-11-09T11:00:03 PST" duration-ms="517" status="PASS">
          <reporter-output>
          </reporter-output>
        </test-method> <!-- loginApp -->
        <test-method is-config="true" signature="teatDown()[pri:0, instance:com.learnautomation.testcases.LoginFBTest@7ee955a8]" started-at="2020-11-09T11:00:03 PST" name="teatDown" finished-at="2020-11-09T11:00:04 PST" duration-ms="786" status="PASS">
          <reporter-output>
          </reporter-output>
        </test-method> <!-- teatDown -->
      </class> <!-- com.learnautomation.testcases.LoginFBTest -->
    </test> <!-- Test -->
  </suite> <!-- Suite -->
</testng-results>
